2025-04-04 17:02:48,627 - INFO - logger.py:34 - Logging initialized. Log file: logs\xml_processor_20250404_170248.log
2025-04-04 17:02:48,837 - INFO - main.py:91 - Default backup directory created: D:\Repos\Changer\amorad\backups
2025-04-04 17:02:58,078 - INFO - main.py:97 - XML directory selected: D:/Download/Samples/inputXML
2025-04-04 17:03:03,709 - INFO - main.py:104 - XLSX file selected: D:/Download/Samples/inputXLSX/usccfr_extraction.xlsx
2025-04-04 17:03:04,207 - DEBUG - xml_processor.py:18 - Reading XLSX file: D:/Download/Samples/inputXLSX/usccfr_extraction.xlsx
2025-04-04 17:03:04,222 - ERROR - xml_processor.py:110 - Error loading XLSX file D:/Download/Samples/inputXLSX/usccfr_extraction.xlsx: Missing optional dependency 'openpyxl'.  Use pip or conda to install openpyxl.
Traceback (most recent call last):
  File "C:\Python\Python311\Lib\site-packages\pandas\compat\_optional.py", line 135, in import_optional_dependency
    module = importlib.import_module(name)
             ^^^^^^^^^^^^^^^^^^^^^^^^^^^^^
  File "C:\Python\Python311\Lib\importlib\__init__.py", line 126, in import_module
    return _bootstrap._gcd_import(name[level:], package, level)
           ^^^^^^^^^^^^^^^^^^^^^^^^^^^^^^^^^^^^^^^^^^^^^^^^^^^^
  File "<frozen importlib._bootstrap>", line 1204, in _gcd_import
  File "<frozen importlib._bootstrap>", line 1176, in _find_and_load
  File "<frozen importlib._bootstrap>", line 1140, in _find_and_load_unlocked
ModuleNotFoundError: No module named 'openpyxl'

During handling of the above exception, another exception occurred:

Traceback (most recent call last):
  File "d:\Repos\Changer\amorad\xml_processor.py", line 19, in load_reference_data
    df = pd.read_excel(xlsx_file)
         ^^^^^^^^^^^^^^^^^^^^^^^^
  File "C:\Python\Python311\Lib\site-packages\pandas\io\excel\_base.py", line 495, in read_excel
    io = ExcelFile(
         ^^^^^^^^^^
  File "C:\Python\Python311\Lib\site-packages\pandas\io\excel\_base.py", line 1567, in __init__
    self._reader = self._engines[engine](
                   ^^^^^^^^^^^^^^^^^^^^^^
  File "C:\Python\Python311\Lib\site-packages\pandas\io\excel\_openpyxl.py", line 552, in __init__
    import_optional_dependency("openpyxl")
  File "C:\Python\Python311\Lib\site-packages\pandas\compat\_optional.py", line 138, in import_optional_dependency
    raise ImportError(msg)
ImportError: Missing optional dependency 'openpyxl'.  Use pip or conda to install openpyxl.
2025-04-04 17:03:04,261 - INFO - xml_processor.py:112 - Total reference data entries loaded: 0
2025-04-04 17:03:12,000 - INFO - main.py:110 - Output directory selected: D:/Download/Samples/outputPath
2025-04-04 17:03:12,509 - DEBUG - xml_processor.py:18 - Reading XLSX file: D:/Download/Samples/inputXLSX/usccfr_extraction.xlsx
2025-04-04 17:03:12,513 - ERROR - xml_processor.py:110 - Error loading XLSX file D:/Download/Samples/inputXLSX/usccfr_extraction.xlsx: Missing optional dependency 'openpyxl'.  Use pip or conda to install openpyxl.
Traceback (most recent call last):
  File "C:\Python\Python311\Lib\site-packages\pandas\compat\_optional.py", line 135, in import_optional_dependency
    module = importlib.import_module(name)
             ^^^^^^^^^^^^^^^^^^^^^^^^^^^^^
  File "C:\Python\Python311\Lib\importlib\__init__.py", line 126, in import_module
    return _bootstrap._gcd_import(name[level:], package, level)
           ^^^^^^^^^^^^^^^^^^^^^^^^^^^^^^^^^^^^^^^^^^^^^^^^^^^^
  File "<frozen importlib._bootstrap>", line 1204, in _gcd_import
  File "<frozen importlib._bootstrap>", line 1176, in _find_and_load
  File "<frozen importlib._bootstrap>", line 1140, in _find_and_load_unlocked
ModuleNotFoundError: No module named 'openpyxl'

During handling of the above exception, another exception occurred:

Traceback (most recent call last):
  File "d:\Repos\Changer\amorad\xml_processor.py", line 19, in load_reference_data
    df = pd.read_excel(xlsx_file)
         ^^^^^^^^^^^^^^^^^^^^^^^^
  File "C:\Python\Python311\Lib\site-packages\pandas\io\excel\_base.py", line 495, in read_excel
    io = ExcelFile(
         ^^^^^^^^^^
  File "C:\Python\Python311\Lib\site-packages\pandas\io\excel\_base.py", line 1567, in __init__
    self._reader = self._engines[engine](
                   ^^^^^^^^^^^^^^^^^^^^^^
  File "C:\Python\Python311\Lib\site-packages\pandas\io\excel\_openpyxl.py", line 552, in __init__
    import_optional_dependency("openpyxl")
  File "C:\Python\Python311\Lib\site-packages\pandas\compat\_optional.py", line 138, in import_optional_dependency
    raise ImportError(msg)
ImportError: Missing optional dependency 'openpyxl'.  Use pip or conda to install openpyxl.
2025-04-04 17:03:12,542 - INFO - xml_processor.py:112 - Total reference data entries loaded: 0
